<?xml version="1.0" encoding="UTF-8"?>
<!-- Generated by org.testng.reporters.JUnitReportReporter -->
<testsuite hostname="vivobook-asuslaptop-x512flc-x512fl" failures="0" tests="10" name="com.test.Dashboard.demotest1" time="192.731" errors="0" timestamp="2024-01-04T16:11:28 IST" skipped="0">
  <testcase classname="com.test.Dashboard.demotest1" name="login" time="17.803"/>
  <system-out/>
  <testcase classname="com.test.Dashboard.demotest1" name="competitions" time="3.324"/>
  <system-out/>
  <testcase classname="com.test.Dashboard.demotest1" name="hostCompetitions" time="35.963"/>
  <system-out/>
  <testcase classname="com.test.Dashboard.demotest1" name="datasets" time="2.013"/>
  <system-out/>
  <testcase classname="com.test.Dashboard.demotest1" name="addDataset" time="38.240"/>
  <system-out/>
  <testcase classname="com.test.Dashboard.demotest1" name="viewer" time="36.996"/>
  <system-out/>
  <testcase classname="com.test.Dashboard.demotest1" name="competitions_2" time="4.253"/>
  <system-out/>
  <testcase classname="com.test.Dashboard.demotest1" name="associateData" time="21.876"/>
  <system-out/>
  <testcase classname="com.test.Dashboard.demotest1" name="addCode" time="16.116"/>
  <system-out/>
  <testcase classname="com.test.Dashboard.demotest1" name="associateCode" time="16.147"/>
  <system-out/>
</testsuite> <!-- com.test.Dashboard.demotest1 -->
